#
# There is insufficient memory for the Java Runtime Environment to continue.
# Native memory allocation (mmap) failed to map 132120576 bytes for Failed to commit area from 0x0000000083200000 to 0x000000008b000000 of length 132120576.
# Possible reasons:
#   The system is out of physical RAM or swap space
#   The process is running with CompressedOops enabled, and the Java Heap may be blocking the growth of the native heap
# Possible solutions:
#   Reduce memory load on the system
#   Increase physical memory or swap space
#   Check if swap backing store is full
#   Decrease Java heap size (-Xmx/-Xms)
#   Decrease number of Java threads
#   Decrease Java thread stack sizes (-Xss)
#   Set larger code cache with -XX:ReservedCodeCacheSize=
# This output file may be truncated or incomplete.
#
#  Out of Memory Error (./src/hotspot/os/windows/os_windows.cpp:3301), pid=13540, tid=9312
#
# JRE version:  (11.0.10) (build )
# Java VM: OpenJDK 64-Bit Server VM (11.0.10+0-b96-7249189, mixed mode, sharing, tiered, compressed oops, g1 gc, windows-amd64)
# No core dump will be written. Minidumps are not enabled by default on client versions of Windows
#

---------------  S U M M A R Y ------------

Command Line: org.jetbrains.git4idea.http.GitAskPassApp Username for 'https://github.com': 

Host: 11th Gen Intel(R) Core(TM) i5-1135G7 @ 2.40GHz, 8 cores, 7G,  Windows 10 , 64 bit Build 19041 (10.0.19041.1151)
Time: Wed Sep  1 16:40:49 2021 Hora de verano central (México) elapsed time: 0.019412 seconds (0d 0h 0m 0s)

---------------  T H R E A D  ---------------

Current thread (0x000002670c06c800):  JavaThread "Unknown thread" [_thread_in_vm, id=9312, stack(0x000000c470400000,0x000000c470500000)]

Stack: [0x000000c470400000,0x000000c470500000]
Native frames: (J=compiled Java code, j=interpreted, Vv=VM code, C=native code)
V  [jvm.dll+0x5ecfaa]
V  [jvm.dll+0x722bd5]
V  [jvm.dll+0x72412d]
V  [jvm.dll+0x7247e3]
V  [jvm.dll+0x242928]
V  [jvm.dll+0x5ea374]
V  [jvm.dll+0x5df425]
V  [jvm.dll+0x2fdebb]
V  [jvm.dll+0x2fde2a]
V  [jvm.dll+0x2fdd02]
V  [jvm.dll+0x302bf6]
V  [jvm.dll+0x34b2a3]
V  [jvm.dll+0x34b9a6]
V  [jvm.dll+0x34b3a3]
V  [jvm.dll+0x2d8888]
V  [jvm.dll+0x2d9a37]
V  [jvm.dll+0x701737]
V  [jvm.dll+0x702f2c]
V  [jvm.dll+0x3587d9]
V  [jvm.dll+0x6e4fae]
V  [jvm.dll+0x3c0be3]
V  [jvm.dll+0x3c2e91]
C  [jli.dll+0x5373]
C  [ucrtbase.dll+0x21bb2]
C  [KERNEL32.DLL+0x17034]
C  [ntdll.dll+0x52651]


---------------  P R O C E S S  ---------------

Threads class SMR info:
_java_thread_list=0x0000026709e5d260, length=0, elements={
}

Java Threads: ( => current thread )

Other Threads:
  0x000002670c082000 GCTaskThread "GC Thread#0" [stack: 0x000000c470500000,0x000000c470600000] [id=15776]
  0x000002670c0b3000 ConcurrentGCThread "G1 Main Marker" [stack: 0x000000c470600000,0x000000c470700000] [id=6296]
  0x000002670c0b6800 ConcurrentGCThread "G1 Conc#0" [stack: 0x000000c470700000,0x000000c470800000] [id=3408]

[error occurred during error reporting (printing all threads), id 0xc0000005, EXCEPTION_ACCESS_VIOLATION (0xc0000005) at pc=0x00007ffe9da69107]

VM state:not at safepoint (not fully initialized)

VM Mutex/Monitor currently owned by a thread:  ([mutex/lock_event])
[0x000002670c0679b0] Heap_lock - owner thread: 0x000002670c06c800

Heap address: 0x0000000083200000, size: 1998 MB, Compressed Oops mode: Non-zero based: 0x0000000083200000
Narrow klass base: 0x0000000000000000, Narrow klass shift: 0

GC Heap History (0 events):
No events

Deoptimization events (0 events):
No events

Classes redefined (0 events):
No events

Internal exceptions (0 events):
No events

Events (1 events):
Event: 0.009 Loaded shared library C:\Program Files\Android\Android Studio\jre\bin\zip.dll


Dynamic libraries:
0x00007ff6d66a0000 - 0x00007ff6d66aa000 	C:\Program Files\Android\Android Studio\jre\bin\java.exe
0x00007ffef1fd0000 - 0x00007ffef21c5000 	C:\WINDOWS\SYSTEM32\ntdll.dll
0x00007ffef1790000 - 0x00007ffef184d000 	C:\WINDOWS\System32\KERNEL32.DLL
0x00007ffeefab0000 - 0x00007ffeefd79000 	C:\WINDOWS\System32\KERNELBASE.dll
0x00007ffeeff00000 - 0x00007ffef0000000 	C:\WINDOWS\System32\ucrtbase.dll
0x00007ffee8a00000 - 0x00007ffee8a17000 	C:\Program Files\Android\Android Studio\jre\bin\VCRUNTIME140.dll
0x00007ffee8a20000 - 0x00007ffee8a39000 	C:\Program Files\Android\Android Studio\jre\bin\jli.dll
0x00007ffef1380000 - 0x00007ffef1520000 	C:\WINDOWS\System32\USER32.dll
0x00007ffef0000000 - 0x00007ffef0022000 	C:\WINDOWS\System32\win32u.dll
0x00007ffef1610000 - 0x00007ffef163a000 	C:\WINDOWS\System32\GDI32.dll
0x00007ffedd690000 - 0x00007ffedd92a000 	C:\WINDOWS\WinSxS\amd64_microsoft.windows.common-controls_6595b64144ccf1df_6.0.19041.1110_none_60b5254171f9507e\COMCTL32.dll
0x00007ffeef700000 - 0x00007ffeef80b000 	C:\WINDOWS\System32\gdi32full.dll
0x00007ffef1e80000 - 0x00007ffef1f1e000 	C:\WINDOWS\System32\msvcrt.dll
0x00007ffeefdb0000 - 0x00007ffeefe4d000 	C:\WINDOWS\System32\msvcp_win.dll
0x00007ffef08a0000 - 0x00007ffef08d0000 	C:\WINDOWS\System32\IMM32.DLL
0x00007ffee7080000 - 0x00007ffee711d000 	C:\Program Files\Android\Android Studio\jre\bin\msvcp140.dll
0x00007ffe9d780000 - 0x00007ffe9e24f000 	C:\Program Files\Android\Android Studio\jre\bin\server\jvm.dll
0x00007ffef1110000 - 0x00007ffef11bc000 	C:\WINDOWS\System32\ADVAPI32.dll
0x00007ffef0d10000 - 0x00007ffef0dab000 	C:\WINDOWS\System32\sechost.dll
0x00007ffef0bd0000 - 0x00007ffef0cfa000 	C:\WINDOWS\System32\RPCRT4.dll
0x00007ffef0d00000 - 0x00007ffef0d08000 	C:\WINDOWS\System32\PSAPI.DLL
0x00007ffee5a60000 - 0x00007ffee5a6a000 	C:\WINDOWS\SYSTEM32\VERSION.dll
0x00007ffedabf0000 - 0x00007ffedac17000 	C:\WINDOWS\SYSTEM32\WINMM.dll
0x00007ffeeae40000 - 0x00007ffeeae49000 	C:\WINDOWS\SYSTEM32\WSOCK32.dll
0x00007ffef1f20000 - 0x00007ffef1f8b000 	C:\WINDOWS\System32\WS2_32.dll
0x00007ffeedf70000 - 0x00007ffeedf82000 	C:\WINDOWS\SYSTEM32\kernel.appcore.dll
0x00007ffee87d0000 - 0x00007ffee87e1000 	C:\Program Files\Android\Android Studio\jre\bin\verify.dll
0x00007ffeedc80000 - 0x00007ffeede64000 	C:\WINDOWS\SYSTEM32\DBGHELP.DLL
0x00007ffee18a0000 - 0x00007ffee18cc000 	C:\WINDOWS\SYSTEM32\dbgcore.DLL
0x00007ffeef8c0000 - 0x00007ffeef943000 	C:\WINDOWS\System32\bcryptPrimitives.dll
0x00007ffee3ea0000 - 0x00007ffee3ec9000 	C:\Program Files\Android\Android Studio\jre\bin\java.dll
0x00007ffeeae30000 - 0x00007ffeeae3b000 	C:\Program Files\Android\Android Studio\jre\bin\jimage.dll
0x00007ffee4d90000 - 0x00007ffee4da8000 	C:\Program Files\Android\Android Studio\jre\bin\zip.dll

dbghelp: loaded successfully - version: 4.0.5 - missing functions: none
symbol engine: initialized successfully - sym options: 0x614 - pdb path: .;C:\Program Files\Android\Android Studio\jre\bin;C:\WINDOWS\SYSTEM32;C:\WINDOWS\WinSxS\amd64_microsoft.windows.common-controls_6595b64144ccf1df_6.0.19041.1110_none_60b5254171f9507e;C:\Program Files\Android\Android Studio\jre\bin\server

VM Arguments:
java_command: org.jetbrains.git4idea.http.GitAskPassApp Username for 'https://github.com': 
java_class_path (initial): C:/Program Files/Android/Android Studio/plugins/git4idea/lib/git4idea-rt.jar;C:/Program Files/Android/Android Studio/lib/xmlrpc-2.0.1.jar;C:/Program Files/Android/Android Studio/lib/commons-codec-1.14.jar
Launcher Type: SUN_STANDARD

[Global flags]
     intx CICompilerCount                          = 4                                         {product} {ergonomic}
     uint ConcGCThreads                            = 2                                         {product} {ergonomic}
     uint G1ConcRefinementThreads                  = 8                                         {product} {ergonomic}
   size_t G1HeapRegionSize                         = 1048576                                   {product} {ergonomic}
    uintx GCDrainStackTargetSize                   = 64                                        {product} {ergonomic}
   size_t InitialHeapSize                          = 132120576                                 {product} {ergonomic}
   size_t MarkStackSize                            = 4194304                                   {product} {ergonomic}
   size_t MaxHeapSize                              = 2095054848                                {product} {ergonomic}
   size_t MinHeapDeltaBytes                        = 1048576                                   {product} {ergonomic}
    uintx NonNMethodCodeHeapSize                   = 5836300                                {pd product} {ergonomic}
    uintx NonProfiledCodeHeapSize                  = 122910970                              {pd product} {ergonomic}
    uintx ProfiledCodeHeapSize                     = 122910970                              {pd product} {ergonomic}
    uintx ReservedCodeCacheSize                    = 251658240                              {pd product} {ergonomic}
     bool SegmentedCodeCache                       = true                                      {product} {ergonomic}
     bool UseCompressedClassPointers               = true                                 {lp64_product} {ergonomic}
     bool UseCompressedOops                        = true                                 {lp64_product} {ergonomic}
     bool UseG1GC                                  = true                                      {product} {ergonomic}
     bool UseLargePagesIndividualAllocation        = false                                  {pd product} {ergonomic}

Logging:
Log output configuration:
 #0: stdout all=warning uptime,level,tags
 #1: stderr all=off uptime,level,tags

Environment Variables:
PATH=C:/Program Files/Git/mingw64/libexec/git-core;C:/Program Files/Git/mingw64/libexec/git-core;C:\Program Files\Git\mingw64\bin;C:\Program Files\Git\usr\bin;C:\Users\juand\bin;C:\WINDOWS\system32;C:\WINDOWS;C:\WINDOWS\System32\Wbem;C:\WINDOWS\System32\WindowsPowerShell\v1.0\;C:\WINDOWS\System32\OpenSSH\;C:\Program Files\Git\cmd;C:\Program Files\nodejs\;C:\Users\juand\AppData\Local\Microsoft\WindowsApps;C:\Users\juand\AppData\Roaming\npm
USERNAME=juand
DISPLAY=:0.0
LC_ALL=en_US.UTF-8
OS=Windows_NT
PROCESSOR_IDENTIFIER=Intel64 Family 6 Model 140 Stepping 1, GenuineIntel



---------------  S Y S T E M  ---------------

OS: Windows 10 , 64 bit Build 19041 (10.0.19041.1151)
OS uptime: 1 days 3:48 hours

CPU:total 8 (initial active 8) (4 cores per cpu, 2 threads per core) family 6 model 140 stepping 1 microcode 0x6e, cmov, cx8, fxsr, mmx, sse, sse2, sse3, ssse3, sse4.1, sse4.2, popcnt, avx, avx2, aes, clmul, erms, 3dnowpref, lzcnt, ht, tsc, tscinvbit, bmi1, bmi2, adx, evex, sha, fma

Memory: 4k page, system-wide physical 7991M (278M free)
TotalPageFile size 32558M (AvailPageFile size 111M)
current process WorkingSet (physical memory assigned to process): 10M, peak: 10M
current process commit charge ("private bytes"): 60M, peak: 186M

vm_info: OpenJDK 64-Bit Server VM (11.0.10+0-b96-7249189) for windows-amd64 JRE (11.0.10+0-b96-7249189), built on Mar 31 2021 21:44:00 by "builder" with MS VC++ 14.0 (VS2015)

END.
